[WARN ] [] [2023-11-01 11:15:03] com.zaxxer.hikari.pool.HikariPool - HikariPool-1 - Thread starvation or clock leap detected (housekeeper delta=1m21s831ms).
[WARN ] [] [2023-11-01 12:25:50] com.zaxxer.hikari.pool.HikariPool - HikariPool-1 - Thread starvation or clock leap detected (housekeeper delta=1h9m17s73ms).
[WARN ] [] [2023-11-01 13:50:19] com.zaxxer.hikari.pool.HikariPool - HikariPool-1 - Thread starvation or clock leap detected (housekeeper delta=1h24m29s266ms).
[WARN ] [] [2023-11-01 14:24:06] com.zaxxer.hikari.pool.HikariPool - HikariPool-1 - Thread starvation or clock leap detected (housekeeper delta=33m46s423ms).
[WARN ] [] [2023-11-01 14:26:06] com.zaxxer.hikari.pool.HikariPool - HikariPool-1 - Thread starvation or clock leap detected (housekeeper delta=2m133ms).
[WARN ] [] [2023-11-01 14:28:46] com.zaxxer.hikari.pool.HikariPool - HikariPool-1 - Thread starvation or clock leap detected (housekeeper delta=2m39s826ms).
[WARN ] [] [2023-11-01 14:30:39] com.zaxxer.hikari.pool.HikariPool - HikariPool-1 - Thread starvation or clock leap detected (housekeeper delta=1m22s924ms).
[WARN ] [] [2023-11-01 15:18:34] com.zaxxer.hikari.pool.HikariPool - HikariPool-1 - Thread starvation or clock leap detected (housekeeper delta=16m55s96ms).
[WARN ] [] [2023-11-01 16:26:48] com.zaxxer.hikari.pool.HikariPool - HikariPool-1 - Thread starvation or clock leap detected (housekeeper delta=1h8m13s870ms).
[WARN ] [] [2023-11-01 17:13:07] com.zaxxer.hikari.pool.HikariPool - HikariPool-1 - Thread starvation or clock leap detected (housekeeper delta=46m19s353ms).
[WARN ] [] [2023-11-01 18:03:08] com.zaxxer.hikari.pool.HikariPool - HikariPool-1 - Thread starvation or clock leap detected (housekeeper delta=50m422ms).
[WARN ] [] [2023-11-01 19:12:59] com.zaxxer.hikari.pool.HikariPool - HikariPool-1 - Thread starvation or clock leap detected (housekeeper delta=1h9m51s401ms).
[WARN ] [] [2023-11-01 21:26:18] o.springframework.boot.web.reactive.context.AnnotationConfigReactiveWebServerApplicationContext - Exception encountered during context initialization - cancelling refresh attempt: org.springframework.beans.factory.UnsatisfiedDependencyException: Error creating bean with name 'orderOptController': Unsatisfied dependency expressed through field 'daprUtil'; nested exception is org.springframework.beans.factory.UnsatisfiedDependencyException: Error creating bean with name 'daprUtil' defined in file [/Users/yu/IdeaProjects/match-trade/match-engine/target/classes/com/flying/cattle/dapr/plugin/dapr/DaprUtil.class]: Unsatisfied dependency expressed through constructor parameter 0; nested exception is org.springframework.beans.factory.NoSuchBeanDefinitionException: No qualifying bean of type 'java.util.concurrent.ConcurrentHashMap<java.lang.String, java.lang.String>' available: expected at least 1 bean which qualifies as autowire candidate. Dependency annotations: {}
[WARN ] [] [2023-11-01 21:26:42] o.springframework.boot.web.reactive.context.AnnotationConfigReactiveWebServerApplicationContext - Exception encountered during context initialization - cancelling refresh attempt: org.springframework.beans.factory.UnsatisfiedDependencyException: Error creating bean with name 'orderOptController': Unsatisfied dependency expressed through field 'daprUtil'; nested exception is org.springframework.beans.factory.UnsatisfiedDependencyException: Error creating bean with name 'daprUtil': Unsatisfied dependency expressed through field 'redisTemplate'; nested exception is org.springframework.beans.factory.NoSuchBeanDefinitionException: No qualifying bean of type 'org.springframework.data.redis.core.RedisTemplate<java.lang.String, java.lang.Object>' available: expected at least 1 bean which qualifies as autowire candidate. Dependency annotations: {@org.springframework.beans.factory.annotation.Autowired(required=true)}
[WARN ] [] [2023-11-01 21:27:32] org.springframework.context.support.DefaultLifecycleProcessor - Failed to stop bean 'inputBindingLifecycle'
java.lang.IllegalStateException: Shutdown in progress
	at java.lang.ApplicationShutdownHooks.remove(ApplicationShutdownHooks.java:82)
	at java.lang.Runtime.removeShutdownHook(Runtime.java:231)
	at org.apache.rocketmq.client.trace.AsyncTraceDispatcher.removeShutdownHook(AsyncTraceDispatcher.java:210)
	at org.apache.rocketmq.client.trace.AsyncTraceDispatcher.shutdown(AsyncTraceDispatcher.java:183)
	at org.apache.rocketmq.client.consumer.DefaultMQPushConsumer.shutdown(DefaultMQPushConsumer.java:598)
	at com.alibaba.cloud.stream.binder.rocketmq.consuming.RocketMQListenerBindingContainer.stop(RocketMQListenerBindingContainer.java:177)
	at com.alibaba.cloud.stream.binder.rocketmq.integration.RocketMQInboundChannelAdapter.doStop(RocketMQInboundChannelAdapter.java:129)
	at org.springframework.integration.endpoint.AbstractEndpoint.stop(AbstractEndpoint.java:173)
	at org.springframework.cloud.stream.binder.DefaultBinding.stop(DefaultBinding.java:127)
	at org.springframework.cloud.stream.binder.DefaultBinding.unbind(DefaultBinding.java:159)
	at org.springframework.cloud.stream.binding.BindingService.unbindConsumers(BindingService.java:303)
	at org.springframework.cloud.stream.binding.BindableProxyFactory.unbindInputs(BindableProxyFactory.java:307)
	at org.springframework.cloud.stream.binding.InputBindingLifecycle.doStopWithBindable(InputBindingLifecycle.java:66)
	at java.util.LinkedHashMap$LinkedValues.forEach(LinkedHashMap.java:608)
	at org.springframework.cloud.stream.binding.AbstractBindingLifecycle.stop(AbstractBindingLifecycle.java:56)
	at org.springframework.cloud.stream.binding.InputBindingLifecycle.stop(InputBindingLifecycle.java:34)
	at org.springframework.cloud.stream.binding.AbstractBindingLifecycle.stop(AbstractBindingLifecycle.java:73)
	at org.springframework.cloud.stream.binding.InputBindingLifecycle.stop(InputBindingLifecycle.java:34)
	at org.springframework.context.support.DefaultLifecycleProcessor.doStop(DefaultLifecycleProcessor.java:238)
	at org.springframework.context.support.DefaultLifecycleProcessor.access$300(DefaultLifecycleProcessor.java:53)
	at org.springframework.context.support.DefaultLifecycleProcessor$LifecycleGroup.stop(DefaultLifecycleProcessor.java:377)
	at org.springframework.context.support.DefaultLifecycleProcessor.stopBeans(DefaultLifecycleProcessor.java:210)
	at org.springframework.context.support.DefaultLifecycleProcessor.onClose(DefaultLifecycleProcessor.java:128)
	at org.springframework.context.support.AbstractApplicationContext.doClose(AbstractApplicationContext.java:1018)
	at org.springframework.context.support.AbstractApplicationContext$1.run(AbstractApplicationContext.java:945)
[WARN ] [] [2023-11-01 21:30:34] o.springframework.boot.web.reactive.context.AnnotationConfigReactiveWebServerApplicationContext - Exception encountered during context initialization - cancelling refresh attempt: org.springframework.beans.factory.UnsatisfiedDependencyException: Error creating bean with name 'engineExecutor' defined in URL [jar:file:/Users/yu/IdeaProjects/match-trade/match-engine/target/match-engine-0.0.1-SNAPSHOT.jar!/BOOT-INF/classes!/com/flying/cattle/dapr/match/EngineExecutor.class]: Unsatisfied dependency expressed through constructor parameter 0; nested exception is org.springframework.beans.factory.UnsatisfiedDependencyException: Error creating bean with name 'daprUtil' defined in URL [jar:file:/Users/yu/IdeaProjects/match-trade/match-engine/target/match-engine-0.0.1-SNAPSHOT.jar!/BOOT-INF/classes!/com/flying/cattle/dapr/plugin/dapr/DaprUtil.class]: Unsatisfied dependency expressed through constructor parameter 1; nested exception is org.springframework.beans.factory.BeanCreationException: Error creating bean with name 'sendService' defined in URL [jar:file:/Users/yu/IdeaProjects/match-trade/match-engine/target/match-engine-0.0.1-SNAPSHOT.jar!/BOOT-INF/classes!/com/flying/cattle/dapr/data/out/SendService.class]: Bean instantiation via constructor failed; nested exception is org.springframework.beans.BeanInstantiationException: Failed to instantiate [com.flying.cattle.dapr.data.out.SendService$$EnhancerBySpringCGLIB$$1b11ce74]: Constructor threw exception; nested exception is java.lang.NullPointerException: Cannot invoke "Object.getClass()" because "cause" is null
[WARN ] [] [2023-11-01 21:38:04] o.springframework.boot.web.reactive.context.AnnotationConfigReactiveWebServerApplicationContext - Exception encountered during context initialization - cancelling refresh attempt: org.springframework.beans.factory.UnsatisfiedDependencyException: Error creating bean with name 'engineExecutor' defined in URL [jar:file:/Users/yu/IdeaProjects/match-trade/match-engine/target/match-engine-0.0.1-SNAPSHOT.jar!/BOOT-INF/classes!/com/flying/cattle/dapr/match/EngineExecutor.class]: Unsatisfied dependency expressed through constructor parameter 0; nested exception is org.springframework.beans.factory.UnsatisfiedDependencyException: Error creating bean with name 'daprUtil' defined in URL [jar:file:/Users/yu/IdeaProjects/match-trade/match-engine/target/match-engine-0.0.1-SNAPSHOT.jar!/BOOT-INF/classes!/com/flying/cattle/dapr/plugin/dapr/DaprUtil.class]: Unsatisfied dependency expressed through constructor parameter 1; nested exception is org.springframework.beans.factory.BeanCreationException: Error creating bean with name 'sendService' defined in URL [jar:file:/Users/yu/IdeaProjects/match-trade/match-engine/target/match-engine-0.0.1-SNAPSHOT.jar!/BOOT-INF/classes!/com/flying/cattle/dapr/data/out/SendService.class]: Bean instantiation via constructor failed; nested exception is org.springframework.beans.BeanInstantiationException: Failed to instantiate [com.flying.cattle.dapr.data.out.SendService$$EnhancerBySpringCGLIB$$a5213552]: Constructor threw exception; nested exception is java.lang.NullPointerException: Cannot invoke "Object.getClass()" because "cause" is null
[WARN ] [] [2023-11-01 21:44:27] org.springframework.context.support.DefaultLifecycleProcessor - Failed to stop bean 'inputBindingLifecycle'
java.lang.IllegalStateException: Shutdown in progress
	at java.lang.ApplicationShutdownHooks.remove(ApplicationShutdownHooks.java:82)
	at java.lang.Runtime.removeShutdownHook(Runtime.java:231)
	at org.apache.rocketmq.client.trace.AsyncTraceDispatcher.removeShutdownHook(AsyncTraceDispatcher.java:210)
	at org.apache.rocketmq.client.trace.AsyncTraceDispatcher.shutdown(AsyncTraceDispatcher.java:183)
	at org.apache.rocketmq.client.consumer.DefaultMQPushConsumer.shutdown(DefaultMQPushConsumer.java:598)
	at com.alibaba.cloud.stream.binder.rocketmq.consuming.RocketMQListenerBindingContainer.stop(RocketMQListenerBindingContainer.java:177)
	at com.alibaba.cloud.stream.binder.rocketmq.integration.RocketMQInboundChannelAdapter.doStop(RocketMQInboundChannelAdapter.java:129)
	at org.springframework.integration.endpoint.AbstractEndpoint.stop(AbstractEndpoint.java:173)
	at org.springframework.cloud.stream.binder.DefaultBinding.stop(DefaultBinding.java:127)
	at org.springframework.cloud.stream.binder.DefaultBinding.unbind(DefaultBinding.java:159)
	at org.springframework.cloud.stream.binding.BindingService.unbindConsumers(BindingService.java:303)
	at org.springframework.cloud.stream.binding.BindableProxyFactory.unbindInputs(BindableProxyFactory.java:307)
	at org.springframework.cloud.stream.binding.InputBindingLifecycle.doStopWithBindable(InputBindingLifecycle.java:66)
	at java.util.LinkedHashMap$LinkedValues.forEach(LinkedHashMap.java:608)
	at org.springframework.cloud.stream.binding.AbstractBindingLifecycle.stop(AbstractBindingLifecycle.java:56)
	at org.springframework.cloud.stream.binding.InputBindingLifecycle.stop(InputBindingLifecycle.java:34)
	at org.springframework.cloud.stream.binding.AbstractBindingLifecycle.stop(AbstractBindingLifecycle.java:73)
	at org.springframework.cloud.stream.binding.InputBindingLifecycle.stop(InputBindingLifecycle.java:34)
	at org.springframework.context.support.DefaultLifecycleProcessor.doStop(DefaultLifecycleProcessor.java:238)
	at org.springframework.context.support.DefaultLifecycleProcessor.access$300(DefaultLifecycleProcessor.java:53)
	at org.springframework.context.support.DefaultLifecycleProcessor$LifecycleGroup.stop(DefaultLifecycleProcessor.java:377)
	at org.springframework.context.support.DefaultLifecycleProcessor.stopBeans(DefaultLifecycleProcessor.java:210)
	at org.springframework.context.support.DefaultLifecycleProcessor.onClose(DefaultLifecycleProcessor.java:128)
	at org.springframework.context.support.AbstractApplicationContext.doClose(AbstractApplicationContext.java:1018)
	at org.springframework.context.support.AbstractApplicationContext$1.run(AbstractApplicationContext.java:945)
[WARN ] [] [2023-11-01 21:47:11] org.springframework.context.support.DefaultLifecycleProcessor - Failed to stop bean 'inputBindingLifecycle'
java.lang.IllegalStateException: Shutdown in progress
	at java.lang.ApplicationShutdownHooks.remove(ApplicationShutdownHooks.java:82)
	at java.lang.Runtime.removeShutdownHook(Runtime.java:231)
	at org.apache.rocketmq.client.trace.AsyncTraceDispatcher.removeShutdownHook(AsyncTraceDispatcher.java:210)
	at org.apache.rocketmq.client.trace.AsyncTraceDispatcher.shutdown(AsyncTraceDispatcher.java:183)
	at org.apache.rocketmq.client.consumer.DefaultMQPushConsumer.shutdown(DefaultMQPushConsumer.java:598)
	at com.alibaba.cloud.stream.binder.rocketmq.consuming.RocketMQListenerBindingContainer.stop(RocketMQListenerBindingContainer.java:177)
	at com.alibaba.cloud.stream.binder.rocketmq.integration.RocketMQInboundChannelAdapter.doStop(RocketMQInboundChannelAdapter.java:129)
	at org.springframework.integration.endpoint.AbstractEndpoint.stop(AbstractEndpoint.java:173)
	at org.springframework.cloud.stream.binder.DefaultBinding.stop(DefaultBinding.java:127)
	at org.springframework.cloud.stream.binder.DefaultBinding.unbind(DefaultBinding.java:159)
	at org.springframework.cloud.stream.binding.BindingService.unbindConsumers(BindingService.java:303)
	at org.springframework.cloud.stream.binding.BindableProxyFactory.unbindInputs(BindableProxyFactory.java:307)
	at org.springframework.cloud.stream.binding.InputBindingLifecycle.doStopWithBindable(InputBindingLifecycle.java:66)
	at java.util.LinkedHashMap$LinkedValues.forEach(LinkedHashMap.java:608)
	at org.springframework.cloud.stream.binding.AbstractBindingLifecycle.stop(AbstractBindingLifecycle.java:56)
	at org.springframework.cloud.stream.binding.InputBindingLifecycle.stop(InputBindingLifecycle.java:34)
	at org.springframework.cloud.stream.binding.AbstractBindingLifecycle.stop(AbstractBindingLifecycle.java:73)
	at org.springframework.cloud.stream.binding.InputBindingLifecycle.stop(InputBindingLifecycle.java:34)
	at org.springframework.context.support.DefaultLifecycleProcessor.doStop(DefaultLifecycleProcessor.java:238)
	at org.springframework.context.support.DefaultLifecycleProcessor.access$300(DefaultLifecycleProcessor.java:53)
	at org.springframework.context.support.DefaultLifecycleProcessor$LifecycleGroup.stop(DefaultLifecycleProcessor.java:377)
	at org.springframework.context.support.DefaultLifecycleProcessor.stopBeans(DefaultLifecycleProcessor.java:210)
	at org.springframework.context.support.DefaultLifecycleProcessor.onClose(DefaultLifecycleProcessor.java:128)
	at org.springframework.context.support.AbstractApplicationContext.doClose(AbstractApplicationContext.java:1018)
	at org.springframework.context.support.AbstractApplicationContext$1.run(AbstractApplicationContext.java:945)
[WARN ] [] [2023-11-01 21:51:52] org.springframework.context.support.DefaultLifecycleProcessor - Failed to stop bean 'inputBindingLifecycle'
java.lang.IllegalStateException: Shutdown in progress
	at java.lang.ApplicationShutdownHooks.remove(ApplicationShutdownHooks.java:82)
	at java.lang.Runtime.removeShutdownHook(Runtime.java:231)
	at org.apache.rocketmq.client.trace.AsyncTraceDispatcher.removeShutdownHook(AsyncTraceDispatcher.java:210)
	at org.apache.rocketmq.client.trace.AsyncTraceDispatcher.shutdown(AsyncTraceDispatcher.java:183)
	at org.apache.rocketmq.client.consumer.DefaultMQPushConsumer.shutdown(DefaultMQPushConsumer.java:598)
	at com.alibaba.cloud.stream.binder.rocketmq.consuming.RocketMQListenerBindingContainer.stop(RocketMQListenerBindingContainer.java:177)
	at com.alibaba.cloud.stream.binder.rocketmq.integration.RocketMQInboundChannelAdapter.doStop(RocketMQInboundChannelAdapter.java:129)
	at org.springframework.integration.endpoint.AbstractEndpoint.stop(AbstractEndpoint.java:173)
	at org.springframework.cloud.stream.binder.DefaultBinding.stop(DefaultBinding.java:127)
	at org.springframework.cloud.stream.binder.DefaultBinding.unbind(DefaultBinding.java:159)
	at org.springframework.cloud.stream.binding.BindingService.unbindConsumers(BindingService.java:303)
	at org.springframework.cloud.stream.binding.BindableProxyFactory.unbindInputs(BindableProxyFactory.java:307)
	at org.springframework.cloud.stream.binding.InputBindingLifecycle.doStopWithBindable(InputBindingLifecycle.java:66)
	at java.util.LinkedHashMap$LinkedValues.forEach(LinkedHashMap.java:608)
	at org.springframework.cloud.stream.binding.AbstractBindingLifecycle.stop(AbstractBindingLifecycle.java:56)
	at org.springframework.cloud.stream.binding.InputBindingLifecycle.stop(InputBindingLifecycle.java:34)
	at org.springframework.cloud.stream.binding.AbstractBindingLifecycle.stop(AbstractBindingLifecycle.java:73)
	at org.springframework.cloud.stream.binding.InputBindingLifecycle.stop(InputBindingLifecycle.java:34)
	at org.springframework.context.support.DefaultLifecycleProcessor.doStop(DefaultLifecycleProcessor.java:238)
	at org.springframework.context.support.DefaultLifecycleProcessor.access$300(DefaultLifecycleProcessor.java:53)
	at org.springframework.context.support.DefaultLifecycleProcessor$LifecycleGroup.stop(DefaultLifecycleProcessor.java:377)
	at org.springframework.context.support.DefaultLifecycleProcessor.stopBeans(DefaultLifecycleProcessor.java:210)
	at org.springframework.context.support.DefaultLifecycleProcessor.onClose(DefaultLifecycleProcessor.java:128)
	at org.springframework.context.support.AbstractApplicationContext.doClose(AbstractApplicationContext.java:1018)
	at org.springframework.context.support.AbstractApplicationContext$1.run(AbstractApplicationContext.java:945)
[WARN ] [] [2023-11-01 21:54:37] org.springframework.context.support.DefaultLifecycleProcessor - Failed to stop bean 'inputBindingLifecycle'
java.lang.IllegalStateException: Shutdown in progress
	at java.lang.ApplicationShutdownHooks.remove(ApplicationShutdownHooks.java:82)
	at java.lang.Runtime.removeShutdownHook(Runtime.java:231)
	at org.apache.rocketmq.client.trace.AsyncTraceDispatcher.removeShutdownHook(AsyncTraceDispatcher.java:210)
	at org.apache.rocketmq.client.trace.AsyncTraceDispatcher.shutdown(AsyncTraceDispatcher.java:183)
	at org.apache.rocketmq.client.consumer.DefaultMQPushConsumer.shutdown(DefaultMQPushConsumer.java:598)
	at com.alibaba.cloud.stream.binder.rocketmq.consuming.RocketMQListenerBindingContainer.stop(RocketMQListenerBindingContainer.java:177)
	at com.alibaba.cloud.stream.binder.rocketmq.integration.RocketMQInboundChannelAdapter.doStop(RocketMQInboundChannelAdapter.java:129)
	at org.springframework.integration.endpoint.AbstractEndpoint.stop(AbstractEndpoint.java:173)
	at org.springframework.cloud.stream.binder.DefaultBinding.stop(DefaultBinding.java:127)
	at org.springframework.cloud.stream.binder.DefaultBinding.unbind(DefaultBinding.java:159)
	at org.springframework.cloud.stream.binding.BindingService.unbindConsumers(BindingService.java:303)
	at org.springframework.cloud.stream.binding.BindableProxyFactory.unbindInputs(BindableProxyFactory.java:307)
	at org.springframework.cloud.stream.binding.InputBindingLifecycle.doStopWithBindable(InputBindingLifecycle.java:66)
	at java.util.LinkedHashMap$LinkedValues.forEach(LinkedHashMap.java:608)
	at org.springframework.cloud.stream.binding.AbstractBindingLifecycle.stop(AbstractBindingLifecycle.java:56)
	at org.springframework.cloud.stream.binding.InputBindingLifecycle.stop(InputBindingLifecycle.java:34)
	at org.springframework.cloud.stream.binding.AbstractBindingLifecycle.stop(AbstractBindingLifecycle.java:73)
	at org.springframework.cloud.stream.binding.InputBindingLifecycle.stop(InputBindingLifecycle.java:34)
	at org.springframework.context.support.DefaultLifecycleProcessor.doStop(DefaultLifecycleProcessor.java:238)
	at org.springframework.context.support.DefaultLifecycleProcessor.access$300(DefaultLifecycleProcessor.java:53)
	at org.springframework.context.support.DefaultLifecycleProcessor$LifecycleGroup.stop(DefaultLifecycleProcessor.java:377)
	at org.springframework.context.support.DefaultLifecycleProcessor.stopBeans(DefaultLifecycleProcessor.java:210)
	at org.springframework.context.support.DefaultLifecycleProcessor.onClose(DefaultLifecycleProcessor.java:128)
	at org.springframework.context.support.AbstractApplicationContext.doClose(AbstractApplicationContext.java:1018)
	at org.springframework.context.support.AbstractApplicationContext$1.run(AbstractApplicationContext.java:945)
[WARN ] [] [2023-11-01 21:59:10] org.springframework.context.support.DefaultLifecycleProcessor - Failed to stop bean 'inputBindingLifecycle'
java.lang.IllegalStateException: Shutdown in progress
	at java.lang.ApplicationShutdownHooks.remove(ApplicationShutdownHooks.java:82)
	at java.lang.Runtime.removeShutdownHook(Runtime.java:231)
	at org.apache.rocketmq.client.trace.AsyncTraceDispatcher.removeShutdownHook(AsyncTraceDispatcher.java:210)
	at org.apache.rocketmq.client.trace.AsyncTraceDispatcher.shutdown(AsyncTraceDispatcher.java:183)
	at org.apache.rocketmq.client.consumer.DefaultMQPushConsumer.shutdown(DefaultMQPushConsumer.java:598)
	at com.alibaba.cloud.stream.binder.rocketmq.consuming.RocketMQListenerBindingContainer.stop(RocketMQListenerBindingContainer.java:177)
	at com.alibaba.cloud.stream.binder.rocketmq.integration.RocketMQInboundChannelAdapter.doStop(RocketMQInboundChannelAdapter.java:129)
	at org.springframework.integration.endpoint.AbstractEndpoint.stop(AbstractEndpoint.java:173)
	at org.springframework.cloud.stream.binder.DefaultBinding.stop(DefaultBinding.java:127)
	at org.springframework.cloud.stream.binder.DefaultBinding.unbind(DefaultBinding.java:159)
	at org.springframework.cloud.stream.binding.BindingService.unbindConsumers(BindingService.java:303)
	at org.springframework.cloud.stream.binding.BindableProxyFactory.unbindInputs(BindableProxyFactory.java:307)
	at org.springframework.cloud.stream.binding.InputBindingLifecycle.doStopWithBindable(InputBindingLifecycle.java:66)
	at java.util.LinkedHashMap$LinkedValues.forEach(LinkedHashMap.java:608)
	at org.springframework.cloud.stream.binding.AbstractBindingLifecycle.stop(AbstractBindingLifecycle.java:56)
	at org.springframework.cloud.stream.binding.InputBindingLifecycle.stop(InputBindingLifecycle.java:34)
	at org.springframework.cloud.stream.binding.AbstractBindingLifecycle.stop(AbstractBindingLifecycle.java:73)
	at org.springframework.cloud.stream.binding.InputBindingLifecycle.stop(InputBindingLifecycle.java:34)
	at org.springframework.context.support.DefaultLifecycleProcessor.doStop(DefaultLifecycleProcessor.java:238)
	at org.springframework.context.support.DefaultLifecycleProcessor.access$300(DefaultLifecycleProcessor.java:53)
	at org.springframework.context.support.DefaultLifecycleProcessor$LifecycleGroup.stop(DefaultLifecycleProcessor.java:377)
	at org.springframework.context.support.DefaultLifecycleProcessor.stopBeans(DefaultLifecycleProcessor.java:210)
	at org.springframework.context.support.DefaultLifecycleProcessor.onClose(DefaultLifecycleProcessor.java:128)
	at org.springframework.context.support.AbstractApplicationContext.doClose(AbstractApplicationContext.java:1018)
	at org.springframework.context.support.AbstractApplicationContext$1.run(AbstractApplicationContext.java:945)
[WARN ] [] [2023-11-01 22:16:19] org.springframework.context.support.DefaultLifecycleProcessor - Failed to stop bean 'inputBindingLifecycle'
java.lang.IllegalStateException: Shutdown in progress
	at java.lang.ApplicationShutdownHooks.remove(ApplicationShutdownHooks.java:82)
	at java.lang.Runtime.removeShutdownHook(Runtime.java:231)
	at org.apache.rocketmq.client.trace.AsyncTraceDispatcher.removeShutdownHook(AsyncTraceDispatcher.java:210)
	at org.apache.rocketmq.client.trace.AsyncTraceDispatcher.shutdown(AsyncTraceDispatcher.java:183)
	at org.apache.rocketmq.client.consumer.DefaultMQPushConsumer.shutdown(DefaultMQPushConsumer.java:598)
	at com.alibaba.cloud.stream.binder.rocketmq.consuming.RocketMQListenerBindingContainer.stop(RocketMQListenerBindingContainer.java:177)
	at com.alibaba.cloud.stream.binder.rocketmq.integration.RocketMQInboundChannelAdapter.doStop(RocketMQInboundChannelAdapter.java:129)
	at org.springframework.integration.endpoint.AbstractEndpoint.stop(AbstractEndpoint.java:173)
	at org.springframework.cloud.stream.binder.DefaultBinding.stop(DefaultBinding.java:127)
	at org.springframework.cloud.stream.binder.DefaultBinding.unbind(DefaultBinding.java:159)
	at org.springframework.cloud.stream.binding.BindingService.unbindConsumers(BindingService.java:303)
	at org.springframework.cloud.stream.binding.BindableProxyFactory.unbindInputs(BindableProxyFactory.java:307)
	at org.springframework.cloud.stream.binding.InputBindingLifecycle.doStopWithBindable(InputBindingLifecycle.java:66)
	at java.util.LinkedHashMap$LinkedValues.forEach(LinkedHashMap.java:608)
	at org.springframework.cloud.stream.binding.AbstractBindingLifecycle.stop(AbstractBindingLifecycle.java:56)
	at org.springframework.cloud.stream.binding.InputBindingLifecycle.stop(InputBindingLifecycle.java:34)
	at org.springframework.cloud.stream.binding.AbstractBindingLifecycle.stop(AbstractBindingLifecycle.java:73)
	at org.springframework.cloud.stream.binding.InputBindingLifecycle.stop(InputBindingLifecycle.java:34)
	at org.springframework.context.support.DefaultLifecycleProcessor.doStop(DefaultLifecycleProcessor.java:238)
	at org.springframework.context.support.DefaultLifecycleProcessor.access$300(DefaultLifecycleProcessor.java:53)
	at org.springframework.context.support.DefaultLifecycleProcessor$LifecycleGroup.stop(DefaultLifecycleProcessor.java:377)
	at org.springframework.context.support.DefaultLifecycleProcessor.stopBeans(DefaultLifecycleProcessor.java:210)
	at org.springframework.context.support.DefaultLifecycleProcessor.onClose(DefaultLifecycleProcessor.java:128)
	at org.springframework.context.support.AbstractApplicationContext.doClose(AbstractApplicationContext.java:1018)
	at org.springframework.context.support.AbstractApplicationContext$1.run(AbstractApplicationContext.java:945)
[WARN ] [] [2023-11-01 22:51:41] org.springframework.context.support.DefaultLifecycleProcessor - Failed to stop bean 'inputBindingLifecycle'
java.lang.IllegalStateException: Shutdown in progress
	at java.lang.ApplicationShutdownHooks.remove(ApplicationShutdownHooks.java:82)
	at java.lang.Runtime.removeShutdownHook(Runtime.java:231)
	at org.apache.rocketmq.client.trace.AsyncTraceDispatcher.removeShutdownHook(AsyncTraceDispatcher.java:210)
	at org.apache.rocketmq.client.trace.AsyncTraceDispatcher.shutdown(AsyncTraceDispatcher.java:183)
	at org.apache.rocketmq.client.consumer.DefaultMQPushConsumer.shutdown(DefaultMQPushConsumer.java:598)
	at com.alibaba.cloud.stream.binder.rocketmq.consuming.RocketMQListenerBindingContainer.stop(RocketMQListenerBindingContainer.java:177)
	at com.alibaba.cloud.stream.binder.rocketmq.integration.RocketMQInboundChannelAdapter.doStop(RocketMQInboundChannelAdapter.java:129)
	at org.springframework.integration.endpoint.AbstractEndpoint.stop(AbstractEndpoint.java:173)
	at org.springframework.cloud.stream.binder.DefaultBinding.stop(DefaultBinding.java:127)
	at org.springframework.cloud.stream.binder.DefaultBinding.unbind(DefaultBinding.java:159)
	at org.springframework.cloud.stream.binding.BindingService.unbindConsumers(BindingService.java:303)
	at org.springframework.cloud.stream.binding.BindableProxyFactory.unbindInputs(BindableProxyFactory.java:307)
	at org.springframework.cloud.stream.binding.InputBindingLifecycle.doStopWithBindable(InputBindingLifecycle.java:66)
	at java.util.LinkedHashMap$LinkedValues.forEach(LinkedHashMap.java:608)
	at org.springframework.cloud.stream.binding.AbstractBindingLifecycle.stop(AbstractBindingLifecycle.java:56)
	at org.springframework.cloud.stream.binding.InputBindingLifecycle.stop(InputBindingLifecycle.java:34)
	at org.springframework.cloud.stream.binding.AbstractBindingLifecycle.stop(AbstractBindingLifecycle.java:73)
	at org.springframework.cloud.stream.binding.InputBindingLifecycle.stop(InputBindingLifecycle.java:34)
	at org.springframework.context.support.DefaultLifecycleProcessor.doStop(DefaultLifecycleProcessor.java:238)
	at org.springframework.context.support.DefaultLifecycleProcessor.access$300(DefaultLifecycleProcessor.java:53)
	at org.springframework.context.support.DefaultLifecycleProcessor$LifecycleGroup.stop(DefaultLifecycleProcessor.java:377)
	at org.springframework.context.support.DefaultLifecycleProcessor.stopBeans(DefaultLifecycleProcessor.java:210)
	at org.springframework.context.support.DefaultLifecycleProcessor.onClose(DefaultLifecycleProcessor.java:128)
	at org.springframework.context.support.AbstractApplicationContext.doClose(AbstractApplicationContext.java:1018)
	at org.springframework.context.support.AbstractApplicationContext$1.run(AbstractApplicationContext.java:945)
[WARN ] [] [2023-11-01 22:53:58] org.springframework.context.support.DefaultLifecycleProcessor - Failed to stop bean 'inputBindingLifecycle'
java.lang.IllegalStateException: Shutdown in progress
	at java.lang.ApplicationShutdownHooks.remove(ApplicationShutdownHooks.java:82)
	at java.lang.Runtime.removeShutdownHook(Runtime.java:231)
	at org.apache.rocketmq.client.trace.AsyncTraceDispatcher.removeShutdownHook(AsyncTraceDispatcher.java:210)
	at org.apache.rocketmq.client.trace.AsyncTraceDispatcher.shutdown(AsyncTraceDispatcher.java:183)
	at org.apache.rocketmq.client.consumer.DefaultMQPushConsumer.shutdown(DefaultMQPushConsumer.java:598)
	at com.alibaba.cloud.stream.binder.rocketmq.consuming.RocketMQListenerBindingContainer.stop(RocketMQListenerBindingContainer.java:177)
	at com.alibaba.cloud.stream.binder.rocketmq.integration.RocketMQInboundChannelAdapter.doStop(RocketMQInboundChannelAdapter.java:129)
	at org.springframework.integration.endpoint.AbstractEndpoint.stop(AbstractEndpoint.java:173)
	at org.springframework.cloud.stream.binder.DefaultBinding.stop(DefaultBinding.java:127)
	at org.springframework.cloud.stream.binder.DefaultBinding.unbind(DefaultBinding.java:159)
	at org.springframework.cloud.stream.binding.BindingService.unbindConsumers(BindingService.java:303)
	at org.springframework.cloud.stream.binding.BindableProxyFactory.unbindInputs(BindableProxyFactory.java:307)
	at org.springframework.cloud.stream.binding.InputBindingLifecycle.doStopWithBindable(InputBindingLifecycle.java:66)
	at java.util.LinkedHashMap$LinkedValues.forEach(LinkedHashMap.java:608)
	at org.springframework.cloud.stream.binding.AbstractBindingLifecycle.stop(AbstractBindingLifecycle.java:56)
	at org.springframework.cloud.stream.binding.InputBindingLifecycle.stop(InputBindingLifecycle.java:34)
	at org.springframework.cloud.stream.binding.AbstractBindingLifecycle.stop(AbstractBindingLifecycle.java:73)
	at org.springframework.cloud.stream.binding.InputBindingLifecycle.stop(InputBindingLifecycle.java:34)
	at org.springframework.context.support.DefaultLifecycleProcessor.doStop(DefaultLifecycleProcessor.java:238)
	at org.springframework.context.support.DefaultLifecycleProcessor.access$300(DefaultLifecycleProcessor.java:53)
	at org.springframework.context.support.DefaultLifecycleProcessor$LifecycleGroup.stop(DefaultLifecycleProcessor.java:377)
	at org.springframework.context.support.DefaultLifecycleProcessor.stopBeans(DefaultLifecycleProcessor.java:210)
	at org.springframework.context.support.DefaultLifecycleProcessor.onClose(DefaultLifecycleProcessor.java:128)
	at org.springframework.context.support.AbstractApplicationContext.doClose(AbstractApplicationContext.java:1018)
	at org.springframework.context.support.AbstractApplicationContext$1.run(AbstractApplicationContext.java:945)
[WARN ] [] [2023-11-01 22:55:46] org.springframework.context.support.DefaultLifecycleProcessor - Failed to stop bean 'inputBindingLifecycle'
java.lang.IllegalStateException: Shutdown in progress
	at java.lang.ApplicationShutdownHooks.remove(ApplicationShutdownHooks.java:82)
	at java.lang.Runtime.removeShutdownHook(Runtime.java:231)
	at org.apache.rocketmq.client.trace.AsyncTraceDispatcher.removeShutdownHook(AsyncTraceDispatcher.java:210)
	at org.apache.rocketmq.client.trace.AsyncTraceDispatcher.shutdown(AsyncTraceDispatcher.java:183)
	at org.apache.rocketmq.client.consumer.DefaultMQPushConsumer.shutdown(DefaultMQPushConsumer.java:598)
	at com.alibaba.cloud.stream.binder.rocketmq.consuming.RocketMQListenerBindingContainer.stop(RocketMQListenerBindingContainer.java:177)
	at com.alibaba.cloud.stream.binder.rocketmq.integration.RocketMQInboundChannelAdapter.doStop(RocketMQInboundChannelAdapter.java:129)
	at org.springframework.integration.endpoint.AbstractEndpoint.stop(AbstractEndpoint.java:173)
	at org.springframework.cloud.stream.binder.DefaultBinding.stop(DefaultBinding.java:127)
	at org.springframework.cloud.stream.binder.DefaultBinding.unbind(DefaultBinding.java:159)
	at org.springframework.cloud.stream.binding.BindingService.unbindConsumers(BindingService.java:303)
	at org.springframework.cloud.stream.binding.BindableProxyFactory.unbindInputs(BindableProxyFactory.java:307)
	at org.springframework.cloud.stream.binding.InputBindingLifecycle.doStopWithBindable(InputBindingLifecycle.java:66)
	at java.util.LinkedHashMap$LinkedValues.forEach(LinkedHashMap.java:608)
	at org.springframework.cloud.stream.binding.AbstractBindingLifecycle.stop(AbstractBindingLifecycle.java:56)
	at org.springframework.cloud.stream.binding.InputBindingLifecycle.stop(InputBindingLifecycle.java:34)
	at org.springframework.cloud.stream.binding.AbstractBindingLifecycle.stop(AbstractBindingLifecycle.java:73)
	at org.springframework.cloud.stream.binding.InputBindingLifecycle.stop(InputBindingLifecycle.java:34)
	at org.springframework.context.support.DefaultLifecycleProcessor.doStop(DefaultLifecycleProcessor.java:238)
	at org.springframework.context.support.DefaultLifecycleProcessor.access$300(DefaultLifecycleProcessor.java:53)
	at org.springframework.context.support.DefaultLifecycleProcessor$LifecycleGroup.stop(DefaultLifecycleProcessor.java:377)
	at org.springframework.context.support.DefaultLifecycleProcessor.stopBeans(DefaultLifecycleProcessor.java:210)
	at org.springframework.context.support.DefaultLifecycleProcessor.onClose(DefaultLifecycleProcessor.java:128)
	at org.springframework.context.support.AbstractApplicationContext.doClose(AbstractApplicationContext.java:1018)
	at org.springframework.context.support.AbstractApplicationContext$1.run(AbstractApplicationContext.java:945)
[WARN ] [] [2023-11-01 23:11:46] org.springframework.context.support.DefaultLifecycleProcessor - Failed to stop bean 'inputBindingLifecycle'
java.lang.IllegalStateException: Shutdown in progress
	at java.lang.ApplicationShutdownHooks.remove(ApplicationShutdownHooks.java:82)
	at java.lang.Runtime.removeShutdownHook(Runtime.java:231)
	at org.apache.rocketmq.client.trace.AsyncTraceDispatcher.removeShutdownHook(AsyncTraceDispatcher.java:210)
	at org.apache.rocketmq.client.trace.AsyncTraceDispatcher.shutdown(AsyncTraceDispatcher.java:183)
	at org.apache.rocketmq.client.consumer.DefaultMQPushConsumer.shutdown(DefaultMQPushConsumer.java:598)
	at com.alibaba.cloud.stream.binder.rocketmq.consuming.RocketMQListenerBindingContainer.stop(RocketMQListenerBindingContainer.java:177)
	at com.alibaba.cloud.stream.binder.rocketmq.integration.RocketMQInboundChannelAdapter.doStop(RocketMQInboundChannelAdapter.java:129)
	at org.springframework.integration.endpoint.AbstractEndpoint.stop(AbstractEndpoint.java:173)
	at org.springframework.cloud.stream.binder.DefaultBinding.stop(DefaultBinding.java:127)
	at org.springframework.cloud.stream.binder.DefaultBinding.unbind(DefaultBinding.java:159)
	at org.springframework.cloud.stream.binding.BindingService.unbindConsumers(BindingService.java:303)
	at org.springframework.cloud.stream.binding.BindableProxyFactory.unbindInputs(BindableProxyFactory.java:307)
	at org.springframework.cloud.stream.binding.InputBindingLifecycle.doStopWithBindable(InputBindingLifecycle.java:66)
	at java.util.LinkedHashMap$LinkedValues.forEach(LinkedHashMap.java:608)
	at org.springframework.cloud.stream.binding.AbstractBindingLifecycle.stop(AbstractBindingLifecycle.java:56)
	at org.springframework.cloud.stream.binding.InputBindingLifecycle.stop(InputBindingLifecycle.java:34)
	at org.springframework.cloud.stream.binding.AbstractBindingLifecycle.stop(AbstractBindingLifecycle.java:73)
	at org.springframework.cloud.stream.binding.InputBindingLifecycle.stop(InputBindingLifecycle.java:34)
	at org.springframework.context.support.DefaultLifecycleProcessor.doStop(DefaultLifecycleProcessor.java:238)
	at org.springframework.context.support.DefaultLifecycleProcessor.access$300(DefaultLifecycleProcessor.java:53)
	at org.springframework.context.support.DefaultLifecycleProcessor$LifecycleGroup.stop(DefaultLifecycleProcessor.java:377)
	at org.springframework.context.support.DefaultLifecycleProcessor.stopBeans(DefaultLifecycleProcessor.java:210)
	at org.springframework.context.support.DefaultLifecycleProcessor.onClose(DefaultLifecycleProcessor.java:128)
	at org.springframework.context.support.AbstractApplicationContext.doClose(AbstractApplicationContext.java:1018)
	at org.springframework.context.support.AbstractApplicationContext$1.run(AbstractApplicationContext.java:945)
[WARN ] [] [2023-11-01 23:19:59] org.springframework.context.support.DefaultLifecycleProcessor - Failed to stop bean 'inputBindingLifecycle'
java.lang.IllegalStateException: Shutdown in progress
	at java.lang.ApplicationShutdownHooks.remove(ApplicationShutdownHooks.java:82)
	at java.lang.Runtime.removeShutdownHook(Runtime.java:231)
	at org.apache.rocketmq.client.trace.AsyncTraceDispatcher.removeShutdownHook(AsyncTraceDispatcher.java:210)
	at org.apache.rocketmq.client.trace.AsyncTraceDispatcher.shutdown(AsyncTraceDispatcher.java:183)
	at org.apache.rocketmq.client.consumer.DefaultMQPushConsumer.shutdown(DefaultMQPushConsumer.java:598)
	at com.alibaba.cloud.stream.binder.rocketmq.consuming.RocketMQListenerBindingContainer.stop(RocketMQListenerBindingContainer.java:177)
	at com.alibaba.cloud.stream.binder.rocketmq.integration.RocketMQInboundChannelAdapter.doStop(RocketMQInboundChannelAdapter.java:129)
	at org.springframework.integration.endpoint.AbstractEndpoint.stop(AbstractEndpoint.java:173)
	at org.springframework.cloud.stream.binder.DefaultBinding.stop(DefaultBinding.java:127)
	at org.springframework.cloud.stream.binder.DefaultBinding.unbind(DefaultBinding.java:159)
	at org.springframework.cloud.stream.binding.BindingService.unbindConsumers(BindingService.java:303)
	at org.springframework.cloud.stream.binding.BindableProxyFactory.unbindInputs(BindableProxyFactory.java:307)
	at org.springframework.cloud.stream.binding.InputBindingLifecycle.doStopWithBindable(InputBindingLifecycle.java:66)
	at java.util.LinkedHashMap$LinkedValues.forEach(LinkedHashMap.java:608)
	at org.springframework.cloud.stream.binding.AbstractBindingLifecycle.stop(AbstractBindingLifecycle.java:56)
	at org.springframework.cloud.stream.binding.InputBindingLifecycle.stop(InputBindingLifecycle.java:34)
	at org.springframework.cloud.stream.binding.AbstractBindingLifecycle.stop(AbstractBindingLifecycle.java:73)
	at org.springframework.cloud.stream.binding.InputBindingLifecycle.stop(InputBindingLifecycle.java:34)
	at org.springframework.context.support.DefaultLifecycleProcessor.doStop(DefaultLifecycleProcessor.java:238)
	at org.springframework.context.support.DefaultLifecycleProcessor.access$300(DefaultLifecycleProcessor.java:53)
	at org.springframework.context.support.DefaultLifecycleProcessor$LifecycleGroup.stop(DefaultLifecycleProcessor.java:377)
	at org.springframework.context.support.DefaultLifecycleProcessor.stopBeans(DefaultLifecycleProcessor.java:210)
	at org.springframework.context.support.DefaultLifecycleProcessor.onClose(DefaultLifecycleProcessor.java:128)
	at org.springframework.context.support.AbstractApplicationContext.doClose(AbstractApplicationContext.java:1018)
	at org.springframework.context.support.AbstractApplicationContext$1.run(AbstractApplicationContext.java:945)
[WARN ] [] [2023-11-01 23:21:13] org.springframework.context.support.DefaultLifecycleProcessor - Failed to stop bean 'inputBindingLifecycle'
java.lang.IllegalStateException: Shutdown in progress
	at java.lang.ApplicationShutdownHooks.remove(ApplicationShutdownHooks.java:82)
	at java.lang.Runtime.removeShutdownHook(Runtime.java:231)
	at org.apache.rocketmq.client.trace.AsyncTraceDispatcher.removeShutdownHook(AsyncTraceDispatcher.java:210)
	at org.apache.rocketmq.client.trace.AsyncTraceDispatcher.shutdown(AsyncTraceDispatcher.java:183)
	at org.apache.rocketmq.client.consumer.DefaultMQPushConsumer.shutdown(DefaultMQPushConsumer.java:598)
	at com.alibaba.cloud.stream.binder.rocketmq.consuming.RocketMQListenerBindingContainer.stop(RocketMQListenerBindingContainer.java:177)
	at com.alibaba.cloud.stream.binder.rocketmq.integration.RocketMQInboundChannelAdapter.doStop(RocketMQInboundChannelAdapter.java:129)
	at org.springframework.integration.endpoint.AbstractEndpoint.stop(AbstractEndpoint.java:173)
	at org.springframework.cloud.stream.binder.DefaultBinding.stop(DefaultBinding.java:127)
	at org.springframework.cloud.stream.binder.DefaultBinding.unbind(DefaultBinding.java:159)
	at org.springframework.cloud.stream.binding.BindingService.unbindConsumers(BindingService.java:303)
	at org.springframework.cloud.stream.binding.BindableProxyFactory.unbindInputs(BindableProxyFactory.java:307)
	at org.springframework.cloud.stream.binding.InputBindingLifecycle.doStopWithBindable(InputBindingLifecycle.java:66)
	at java.util.LinkedHashMap$LinkedValues.forEach(LinkedHashMap.java:608)
	at org.springframework.cloud.stream.binding.AbstractBindingLifecycle.stop(AbstractBindingLifecycle.java:56)
	at org.springframework.cloud.stream.binding.InputBindingLifecycle.stop(InputBindingLifecycle.java:34)
	at org.springframework.cloud.stream.binding.AbstractBindingLifecycle.stop(AbstractBindingLifecycle.java:73)
	at org.springframework.cloud.stream.binding.InputBindingLifecycle.stop(InputBindingLifecycle.java:34)
	at org.springframework.context.support.DefaultLifecycleProcessor.doStop(DefaultLifecycleProcessor.java:238)
	at org.springframework.context.support.DefaultLifecycleProcessor.access$300(DefaultLifecycleProcessor.java:53)
	at org.springframework.context.support.DefaultLifecycleProcessor$LifecycleGroup.stop(DefaultLifecycleProcessor.java:377)
	at org.springframework.context.support.DefaultLifecycleProcessor.stopBeans(DefaultLifecycleProcessor.java:210)
	at org.springframework.context.support.DefaultLifecycleProcessor.onClose(DefaultLifecycleProcessor.java:128)
	at org.springframework.context.support.AbstractApplicationContext.doClose(AbstractApplicationContext.java:1018)
	at org.springframework.context.support.AbstractApplicationContext$1.run(AbstractApplicationContext.java:945)
[WARN ] [] [2023-11-01 23:31:18] org.springframework.context.support.DefaultLifecycleProcessor - Failed to stop bean 'inputBindingLifecycle'
java.lang.IllegalStateException: Shutdown in progress
	at java.lang.ApplicationShutdownHooks.remove(ApplicationShutdownHooks.java:82)
	at java.lang.Runtime.removeShutdownHook(Runtime.java:231)
	at org.apache.rocketmq.client.trace.AsyncTraceDispatcher.removeShutdownHook(AsyncTraceDispatcher.java:210)
	at org.apache.rocketmq.client.trace.AsyncTraceDispatcher.shutdown(AsyncTraceDispatcher.java:183)
	at org.apache.rocketmq.client.consumer.DefaultMQPushConsumer.shutdown(DefaultMQPushConsumer.java:598)
	at com.alibaba.cloud.stream.binder.rocketmq.consuming.RocketMQListenerBindingContainer.stop(RocketMQListenerBindingContainer.java:177)
	at com.alibaba.cloud.stream.binder.rocketmq.integration.RocketMQInboundChannelAdapter.doStop(RocketMQInboundChannelAdapter.java:129)
	at org.springframework.integration.endpoint.AbstractEndpoint.stop(AbstractEndpoint.java:173)
	at org.springframework.cloud.stream.binder.DefaultBinding.stop(DefaultBinding.java:127)
	at org.springframework.cloud.stream.binder.DefaultBinding.unbind(DefaultBinding.java:159)
	at org.springframework.cloud.stream.binding.BindingService.unbindConsumers(BindingService.java:303)
	at org.springframework.cloud.stream.binding.BindableProxyFactory.unbindInputs(BindableProxyFactory.java:307)
	at org.springframework.cloud.stream.binding.InputBindingLifecycle.doStopWithBindable(InputBindingLifecycle.java:66)
	at java.util.LinkedHashMap$LinkedValues.forEach(LinkedHashMap.java:608)
	at org.springframework.cloud.stream.binding.AbstractBindingLifecycle.stop(AbstractBindingLifecycle.java:56)
	at org.springframework.cloud.stream.binding.InputBindingLifecycle.stop(InputBindingLifecycle.java:34)
	at org.springframework.cloud.stream.binding.AbstractBindingLifecycle.stop(AbstractBindingLifecycle.java:73)
	at org.springframework.cloud.stream.binding.InputBindingLifecycle.stop(InputBindingLifecycle.java:34)
	at org.springframework.context.support.DefaultLifecycleProcessor.doStop(DefaultLifecycleProcessor.java:238)
	at org.springframework.context.support.DefaultLifecycleProcessor.access$300(DefaultLifecycleProcessor.java:53)
	at org.springframework.context.support.DefaultLifecycleProcessor$LifecycleGroup.stop(DefaultLifecycleProcessor.java:377)
	at org.springframework.context.support.DefaultLifecycleProcessor.stopBeans(DefaultLifecycleProcessor.java:210)
	at org.springframework.context.support.DefaultLifecycleProcessor.onClose(DefaultLifecycleProcessor.java:128)
	at org.springframework.context.support.AbstractApplicationContext.doClose(AbstractApplicationContext.java:1018)
	at org.springframework.context.support.AbstractApplicationContext$1.run(AbstractApplicationContext.java:945)
[WARN ] [] [2023-11-01 23:35:05] org.springframework.context.support.DefaultLifecycleProcessor - Failed to stop bean 'inputBindingLifecycle'
java.lang.IllegalStateException: Shutdown in progress
	at java.lang.ApplicationShutdownHooks.remove(ApplicationShutdownHooks.java:82)
	at java.lang.Runtime.removeShutdownHook(Runtime.java:231)
	at org.apache.rocketmq.client.trace.AsyncTraceDispatcher.removeShutdownHook(AsyncTraceDispatcher.java:210)
	at org.apache.rocketmq.client.trace.AsyncTraceDispatcher.shutdown(AsyncTraceDispatcher.java:183)
	at org.apache.rocketmq.client.consumer.DefaultMQPushConsumer.shutdown(DefaultMQPushConsumer.java:598)
	at com.alibaba.cloud.stream.binder.rocketmq.consuming.RocketMQListenerBindingContainer.stop(RocketMQListenerBindingContainer.java:177)
	at com.alibaba.cloud.stream.binder.rocketmq.integration.RocketMQInboundChannelAdapter.doStop(RocketMQInboundChannelAdapter.java:129)
	at org.springframework.integration.endpoint.AbstractEndpoint.stop(AbstractEndpoint.java:173)
	at org.springframework.cloud.stream.binder.DefaultBinding.stop(DefaultBinding.java:127)
	at org.springframework.cloud.stream.binder.DefaultBinding.unbind(DefaultBinding.java:159)
	at org.springframework.cloud.stream.binding.BindingService.unbindConsumers(BindingService.java:303)
	at org.springframework.cloud.stream.binding.BindableProxyFactory.unbindInputs(BindableProxyFactory.java:307)
	at org.springframework.cloud.stream.binding.InputBindingLifecycle.doStopWithBindable(InputBindingLifecycle.java:66)
	at java.util.LinkedHashMap$LinkedValues.forEach(LinkedHashMap.java:608)
	at org.springframework.cloud.stream.binding.AbstractBindingLifecycle.stop(AbstractBindingLifecycle.java:56)
	at org.springframework.cloud.stream.binding.InputBindingLifecycle.stop(InputBindingLifecycle.java:34)
	at org.springframework.cloud.stream.binding.AbstractBindingLifecycle.stop(AbstractBindingLifecycle.java:73)
	at org.springframework.cloud.stream.binding.InputBindingLifecycle.stop(InputBindingLifecycle.java:34)
	at org.springframework.context.support.DefaultLifecycleProcessor.doStop(DefaultLifecycleProcessor.java:238)
	at org.springframework.context.support.DefaultLifecycleProcessor.access$300(DefaultLifecycleProcessor.java:53)
	at org.springframework.context.support.DefaultLifecycleProcessor$LifecycleGroup.stop(DefaultLifecycleProcessor.java:377)
	at org.springframework.context.support.DefaultLifecycleProcessor.stopBeans(DefaultLifecycleProcessor.java:210)
	at org.springframework.context.support.DefaultLifecycleProcessor.onClose(DefaultLifecycleProcessor.java:128)
	at org.springframework.context.support.AbstractApplicationContext.doClose(AbstractApplicationContext.java:1018)
	at org.springframework.context.support.AbstractApplicationContext$1.run(AbstractApplicationContext.java:945)
[WARN ] [] [2023-11-01 23:38:37] org.springframework.context.support.DefaultLifecycleProcessor - Failed to stop bean 'inputBindingLifecycle'
java.lang.IllegalStateException: Shutdown in progress
	at java.lang.ApplicationShutdownHooks.remove(ApplicationShutdownHooks.java:82)
	at java.lang.Runtime.removeShutdownHook(Runtime.java:231)
	at org.apache.rocketmq.client.trace.AsyncTraceDispatcher.removeShutdownHook(AsyncTraceDispatcher.java:210)
	at org.apache.rocketmq.client.trace.AsyncTraceDispatcher.shutdown(AsyncTraceDispatcher.java:183)
	at org.apache.rocketmq.client.consumer.DefaultMQPushConsumer.shutdown(DefaultMQPushConsumer.java:598)
	at com.alibaba.cloud.stream.binder.rocketmq.consuming.RocketMQListenerBindingContainer.stop(RocketMQListenerBindingContainer.java:177)
	at com.alibaba.cloud.stream.binder.rocketmq.integration.RocketMQInboundChannelAdapter.doStop(RocketMQInboundChannelAdapter.java:129)
	at org.springframework.integration.endpoint.AbstractEndpoint.stop(AbstractEndpoint.java:173)
	at org.springframework.cloud.stream.binder.DefaultBinding.stop(DefaultBinding.java:127)
	at org.springframework.cloud.stream.binder.DefaultBinding.unbind(DefaultBinding.java:159)
	at org.springframework.cloud.stream.binding.BindingService.unbindConsumers(BindingService.java:303)
	at org.springframework.cloud.stream.binding.BindableProxyFactory.unbindInputs(BindableProxyFactory.java:307)
	at org.springframework.cloud.stream.binding.InputBindingLifecycle.doStopWithBindable(InputBindingLifecycle.java:66)
	at java.util.LinkedHashMap$LinkedValues.forEach(LinkedHashMap.java:608)
	at org.springframework.cloud.stream.binding.AbstractBindingLifecycle.stop(AbstractBindingLifecycle.java:56)
	at org.springframework.cloud.stream.binding.InputBindingLifecycle.stop(InputBindingLifecycle.java:34)
	at org.springframework.cloud.stream.binding.AbstractBindingLifecycle.stop(AbstractBindingLifecycle.java:73)
	at org.springframework.cloud.stream.binding.InputBindingLifecycle.stop(InputBindingLifecycle.java:34)
	at org.springframework.context.support.DefaultLifecycleProcessor.doStop(DefaultLifecycleProcessor.java:238)
	at org.springframework.context.support.DefaultLifecycleProcessor.access$300(DefaultLifecycleProcessor.java:53)
	at org.springframework.context.support.DefaultLifecycleProcessor$LifecycleGroup.stop(DefaultLifecycleProcessor.java:377)
	at org.springframework.context.support.DefaultLifecycleProcessor.stopBeans(DefaultLifecycleProcessor.java:210)
	at org.springframework.context.support.DefaultLifecycleProcessor.onClose(DefaultLifecycleProcessor.java:128)
	at org.springframework.context.support.AbstractApplicationContext.doClose(AbstractApplicationContext.java:1018)
	at org.springframework.context.support.AbstractApplicationContext$1.run(AbstractApplicationContext.java:945)
